app/build/intermediates/manifest_merge_blame_file/debug/processDebugMainManifest/manifest-merger-blame-debug-report.txt
1<?xml version="1.0" encoding="utf-8"?>
2<manifest xmlns:android="http://schemas.android.com/apk/res/android"
3    package="com.example.nammashaaleinventory"
4    android:versionCode="1"
5    android:versionName="1.0" >
6
7    <uses-sdk
8        android:minSdkVersion="24"
9        android:targetSdkVersion="34" />
10
11    <uses-permission android:name="android.permission.CAMERA" />
11-->src\main\AndroidManifest.xml:5:5-65
11-->src\main\AndroidManifest.xml:5:22-62
12    <uses-permission android:name="android.permission.READ_EXTERNAL_STORAGE" />
12-->src\main\AndroidManifest.xml:6:5-80
12-->src\main\AndroidManifest.xml:6:22-77
13    <uses-permission
13-->src\main\AndroidManifest.xml:7:5-8:38
14        android:name="android.permission.WRITE_EXTERNAL_STORAGE"
14-->src\main\AndroidManifest.xml:7:22-78
15        android:maxSdkVersion="28" />
15-->src\main\AndroidManifest.xml:8:9-35
16    <uses-permission android:name="android.permission.READ_MEDIA_IMAGES" />
16-->src\main\AndroidManifest.xml:9:5-76
16-->src\main\AndroidManifest.xml:9:22-73
17
18    <uses-feature
18-->src\main\AndroidManifest.xml:11:5-85
19        android:name="android.hardware.camera"
19-->src\main\AndroidManifest.xml:11:19-57
20        android:required="false" />
20-->src\main\AndroidManifest.xml:11:58-82
21
22    <permission
22-->[androidx.core:core:1.12.0] AndroidManifest.xml:22:5-24:47
23        android:name="com.example.nammashaaleinventory.DYNAMIC_RECEIVER_NOT_EXPORTED_PERMISSION"
23-->[androidx.core:core:1.12.0] AndroidManifest.xml:23:9-81
24        android:protectionLevel="signature" />
24-->[androidx.core:core:1.12.0] AndroidManifest.xml:24:9-44
25
26    <uses-permission android:name="com.example.nammashaaleinventory.DYNAMIC_RECEIVER_NOT_EXPORTED_PERMISSION" />
26-->[androidx.core:core:1.12.0] AndroidManifest.xml:26:5-97
26-->[androidx.core:core:1.12.0] AndroidManifest.xml:26:22-94
27
28    <application
28-->src\main\AndroidManifest.xml:13:5-53:19
29        android:allowBackup="true"
29-->src\main\AndroidManifest.xml:14:9-35
30        android:appComponentFactory="androidx.core.app.CoreComponentFactory"
30-->[androidx.core:core:1.12.0] AndroidManifest.xml:28:18-86
31        android:debuggable="true"
32        android:extractNativeLibs="false"
33        android:icon="@mipmap/ic_launcher"
33-->src\main\AndroidManifest.xml:15:9-43
34        android:label="@string/app_name"
34-->src\main\AndroidManifest.xml:16:9-41
35        android:roundIcon="@mipmap/ic_launcher_round"
35-->src\main\AndroidManifest.xml:17:9-54
36        android:supportsRtl="true"
36-->src\main\AndroidManifest.xml:18:9-35
37        android:testOnly="true"
38        android:theme="@style/Theme.NammaShaaleInventory" >
38-->src\main\AndroidManifest.xml:19:9-58
39
40        <!-- FileProvider for camera photos -->
41        <provider
42            android:name="androidx.core.content.FileProvider"
42-->src\main\AndroidManifest.xml:24:13-62
43            android:authorities="com.example.nammashaaleinventory.fileprovider"
43-->src\main\AndroidManifest.xml:25:13-64
44            android:exported="false"
44-->src\main\AndroidManifest.xml:26:13-37
45            android:grantUriPermissions="true" >
45-->src\main\AndroidManifest.xml:27:13-47
46            <meta-data
46-->src\main\AndroidManifest.xml:28:13-30:54
47                android:name="android.support.FILE_PROVIDER_PATHS"
47-->src\main\AndroidManifest.xml:29:17-67
48                android:resource="@xml/file_paths" />
48-->src\main\AndroidManifest.xml:30:17-51
49        </provider>
50
51        <activity
51-->src\main\AndroidManifest.xml:33:9-41:20
52            android:name="com.example.nammashaaleinventory.ui.splash.SplashActivity"
52-->src\main\AndroidManifest.xml:34:13-53
53            android:exported="true"
53-->src\main\AndroidManifest.xml:35:13-36
54            android:theme="@style/Theme.NammaShaaleInventory.Splash" >
54-->src\main\AndroidManifest.xml:36:13-69
55            <intent-filter>
55-->src\main\AndroidManifest.xml:37:13-40:29
56                <action android:name="android.intent.action.MAIN" />
56-->src\main\AndroidManifest.xml:38:17-69
56-->src\main\AndroidManifest.xml:38:25-66
57
58                <category android:name="android.intent.category.LAUNCHER" />
58-->src\main\AndroidManifest.xml:39:17-77
58-->src\main\AndroidManifest.xml:39:27-74
59            </intent-filter>
60        </activity>
61        <activity
61-->src\main\AndroidManifest.xml:43:9-85
62            android:name="com.example.nammashaaleinventory.ui.login.LoginActivity"
62-->src\main\AndroidManifest.xml:43:19-57
63            android:exported="false" />
63-->src\main\AndroidManifest.xml:43:58-82
64        <activity
64-->src\main\AndroidManifest.xml:44:9-93
65            android:name="com.example.nammashaaleinventory.ui.dashboard.DashboardActivity"
65-->src\main\AndroidManifest.xml:44:19-65
66            android:exported="false" />
66-->src\main\AndroidManifest.xml:44:66-90
67        <activity
67-->src\main\AndroidManifest.xml:45:9-88
68            android:name="com.example.nammashaaleinventory.ui.asset.AddAssetActivity"
68-->src\main\AndroidManifest.xml:45:19-60
69            android:exported="false" />
69-->src\main\AndroidManifest.xml:45:61-85
70        <activity
70-->src\main\AndroidManifest.xml:46:9-89
71            android:name="com.example.nammashaaleinventory.ui.asset.AssetListActivity"
71-->src\main\AndroidManifest.xml:46:19-61
72            android:exported="false" />
72-->src\main\AndroidManifest.xml:46:62-86
73        <activity
73-->src\main\AndroidManifest.xml:47:9-91
74            android:name="com.example.nammashaaleinventory.ui.asset.AssetDetailActivity"
74-->src\main\AndroidManifest.xml:47:19-63
75            android:exported="false" />
75-->src\main\AndroidManifest.xml:47:64-88
76        <activity
76-->src\main\AndroidManifest.xml:48:9-98
77            android:name="com.example.nammashaaleinventory.ui.asset.MonthlyHealthCheckActivity"
77-->src\main\AndroidManifest.xml:48:19-70
78            android:exported="false" />
78-->src\main\AndroidManifest.xml:48:71-95
79        <activity
79-->src\main\AndroidManifest.xml:49:9-88
80            android:name="com.example.nammashaaleinventory.ui.issue.IssueLogActivity"
80-->src\main\AndroidManifest.xml:49:19-60
81            android:exported="false" />
81-->src\main\AndroidManifest.xml:49:61-85
82        <activity
82-->src\main\AndroidManifest.xml:50:9-94
83            android:name="com.example.nammashaaleinventory.ui.repair.RepairRequestActivity"
83-->src\main\AndroidManifest.xml:50:19-66
84            android:exported="false" />
84-->src\main\AndroidManifest.xml:50:67-91
85        <activity
85-->src\main\AndroidManifest.xml:51:9-87
86            android:name="com.example.nammashaaleinventory.ui.report.ReportActivity"
86-->src\main\AndroidManifest.xml:51:19-59
87            android:exported="false" />
87-->src\main\AndroidManifest.xml:51:60-84
88
89        <!--
90        Service for holding metadata. Cannot be instantiated.
91        Metadata will be merged from other manifests.
92        -->
93        <service
93-->[androidx.camera:camera-core:1.3.1] AndroidManifest.xml:29:9-33:78
94            android:name="androidx.camera.core.impl.MetadataHolderService"
94-->[androidx.camera:camera-core:1.3.1] AndroidManifest.xml:30:13-75
95            android:enabled="false"
95-->[androidx.camera:camera-core:1.3.1] AndroidManifest.xml:31:13-36
96            android:exported="false" >
96-->[androidx.camera:camera-core:1.3.1] AndroidManifest.xml:32:13-37
97            <meta-data
97-->[androidx.camera:camera-camera2:1.3.1] AndroidManifest.xml:30:13-32:89
98                android:name="androidx.camera.core.impl.MetadataHolderService.DEFAULT_CONFIG_PROVIDER"
98-->[androidx.camera:camera-camera2:1.3.1] AndroidManifest.xml:31:17-103
99                android:value="androidx.camera.camera2.Camera2Config$DefaultProvider" />
99-->[androidx.camera:camera-camera2:1.3.1] AndroidManifest.xml:32:17-86
100        </service>
101
102        <provider
102-->[androidx.emoji2:emoji2:1.2.0] AndroidManifest.xml:24:9-32:20
103            android:name="androidx.startup.InitializationProvider"
103-->[androidx.emoji2:emoji2:1.2.0] AndroidManifest.xml:25:13-67
104            android:authorities="com.example.nammashaaleinventory.androidx-startup"
104-->[androidx.emoji2:emoji2:1.2.0] AndroidManifest.xml:26:13-68
105            android:exported="false" >
105-->[androidx.emoji2:emoji2:1.2.0] AndroidManifest.xml:27:13-37
106            <meta-data
106-->[androidx.emoji2:emoji2:1.2.0] AndroidManifest.xml:29:13-31:52
107                android:name="androidx.emoji2.text.EmojiCompatInitializer"
107-->[androidx.emoji2:emoji2:1.2.0] AndroidManifest.xml:30:17-75
108                android:value="androidx.startup" />
108-->[androidx.emoji2:emoji2:1.2.0] AndroidManifest.xml:31:17-49
109            <meta-data
109-->[androidx.lifecycle:lifecycle-process:2.7.0] AndroidManifest.xml:29:13-31:52
110                android:name="androidx.lifecycle.ProcessLifecycleInitializer"
110-->[androidx.lifecycle:lifecycle-process:2.7.0] AndroidManifest.xml:30:17-78
111                android:value="androidx.startup" />
111-->[androidx.lifecycle:lifecycle-process:2.7.0] AndroidManifest.xml:31:17-49
112            <meta-data
112-->[androidx.profileinstaller:profileinstaller:1.3.0] AndroidManifest.xml:29:13-31:52
113                android:name="androidx.profileinstaller.ProfileInstallerInitializer"
113-->[androidx.profileinstaller:profileinstaller:1.3.0] AndroidManifest.xml:30:17-85
114                android:value="androidx.startup" />
114-->[androidx.profileinstaller:profileinstaller:1.3.0] AndroidManifest.xml:31:17-49
115        </provider>
116
117        <uses-library
117-->[androidx.window:window:1.0.0] AndroidManifest.xml:25:9-27:40
118            android:name="androidx.window.extensions"
118-->[androidx.window:window:1.0.0] AndroidManifest.xml:26:13-54
119            android:required="false" />
119-->[androidx.window:window:1.0.0] AndroidManifest.xml:27:13-37
120        <uses-library
120-->[androidx.window:window:1.0.0] AndroidManifest.xml:28:9-30:40
121            android:name="androidx.window.sidecar"
121-->[androidx.window:window:1.0.0] AndroidManifest.xml:29:13-51
122            android:required="false" />
122-->[androidx.window:window:1.0.0] AndroidManifest.xml:30:13-37
123
124        <service
124-->[androidx.room:room-runtime:2.6.1] AndroidManifest.xml:24:9-28:63
125            android:name="androidx.room.MultiInstanceInvalidationService"
125-->[androidx.room:room-runtime:2.6.1] AndroidManifest.xml:25:13-74
126            android:directBootAware="true"
126-->[androidx.room:room-runtime:2.6.1] AndroidManifest.xml:26:13-43
127            android:exported="false" />
127-->[androidx.room:room-runtime:2.6.1] AndroidManifest.xml:27:13-37
128
129        <receiver
129-->[androidx.profileinstaller:profileinstaller:1.3.0] AndroidManifest.xml:34:9-52:20
130            android:name="androidx.profileinstaller.ProfileInstallReceiver"
130-->[androidx.profileinstaller:profileinstaller:1.3.0] AndroidManifest.xml:35:13-76
131            android:directBootAware="false"
131-->[androidx.profileinstaller:profileinstaller:1.3.0] AndroidManifest.xml:36:13-44
132            android:enabled="true"
132-->[androidx.profileinstaller:profileinstaller:1.3.0] AndroidManifest.xml:37:13-35
133            android:exported="true"
133-->[androidx.profileinstaller:profileinstaller:1.3.0] AndroidManifest.xml:38:13-36
134            android:permission="android.permission.DUMP" >
134-->[androidx.profileinstaller:profileinstaller:1.3.0] AndroidManifest.xml:39:13-57
135            <intent-filter>
135-->[androidx.profileinstaller:profileinstaller:1.3.0] AndroidManifest.xml:40:13-42:29
136                <action android:name="androidx.profileinstaller.action.INSTALL_PROFILE" />
136-->[androidx.profileinstaller:profileinstaller:1.3.0] AndroidManifest.xml:41:17-91
136-->[androidx.profileinstaller:profileinstaller:1.3.0] AndroidManifest.xml:41:25-88
137            </intent-filter>
138            <intent-filter>
138-->[androidx.profileinstaller:profileinstaller:1.3.0] AndroidManifest.xml:43:13-45:29
139                <action android:name="androidx.profileinstaller.action.SKIP_FILE" />
139-->[androidx.profileinstaller:profileinstaller:1.3.0] AndroidManifest.xml:44:17-85
139-->[androidx.profileinstaller:profileinstaller:1.3.0] AndroidManifest.xml:44:25-82
140            </intent-filter>
141            <intent-filter>
141-->[androidx.profileinstaller:profileinstaller:1.3.0] AndroidManifest.xml:46:13-48:29
142                <action android:name="androidx.profileinstaller.action.SAVE_PROFILE" />
142-->[androidx.profileinstaller:profileinstaller:1.3.0] AndroidManifest.xml:47:17-88
142-->[androidx.profileinstaller:profileinstaller:1.3.0] AndroidManifest.xml:47:25-85
143            </intent-filter>
144            <intent-filter>
144-->[androidx.profileinstaller:profileinstaller:1.3.0] AndroidManifest.xml:49:13-51:29
145                <action android:name="androidx.profileinstaller.action.BENCHMARK_OPERATION" />
145-->[androidx.profileinstaller:profileinstaller:1.3.0] AndroidManifest.xml:50:17-95
145-->[androidx.profileinstaller:profileinstaller:1.3.0] AndroidManifest.xml:50:25-92
146            </intent-filter>
147        </receiver>
148    </application>
149
150</manifest>